Arguments: 
  /usr/local/bin/node /Users/liyi/.config/npm/bin/yarn add -D vuepress

PATH: 
  /usr/local/opt/curl/bin:/usr/local/bin:/usr/local/sbin:/Library/Frameworks/Python.framework/Versions/3.10/bin:/usr/local/bin:/usr/bin:/bin:/usr/sbin:/sbin:/usr/local/go/bin:/Users/liyi/go/bin:/Users/liyi/Apps:/Users/liyi/.config/npm/bin:/Users/liyi/.config/yarn/bin

Yarn version: 
  1.22.17

Node version: 
  16.14.1

Platform: 
  darwin x64

Trace: 
  Error: ENOENT: no such file or directory, copyfile '/Users/liyi/Library/Caches/Yarn/v6/npm-csstype-3.1.1-841b532c45c758ee546a11d5bd7b7b473c8c30b9-integrity/node_modules/csstype/LICENSE' -> '/Users/liyi/work/ts/node_modules/vuepress/node_modules/csstype/LICENSE'

npm manifest: 
  {
    "name": "ts",
    "version": "2.0.0",
    "description": "A project of vuepress-theme-hope",
    "license": "MIT",
    "type": "module",
    "scripts": {
      "docs:build": "vuepress build src",
      "docs:clean-dev": "vuepress dev src --clean-cache",
      "docs:dev": "vuepress dev src"
    },
    "devDependencies": {
      "@vuepress/client": "2.0.0-beta.59",
      "vue": "^3.2.45",
      "vuepress": "2.0.0-beta.59",
      "vuepress-theme-hope": "2.0.0-beta.143"
    }
  }

yarn manifest: 
  No manifest

Lockfile: 
  No lockfile
